[2021-08-05 11:15:06,116] [log.py|__console] [line:40] INFO    : 当前执行测试用例ID-> test_fieldList_case_00 ; 测试点-> 点击提交按钮，提示配置成功！
[2021-08-05 14:27:07,142] [log.py|__console] [line:40] INFO    : 当前执行测试用例ID-> test_control_case_00 ; 测试点-> 切换手动模式
[2021-08-05 14:27:13,678] [log.py|__console] [line:46] ERROR   : 查找alert弹出框异常-> Message: no such alert
  (Session info: chrome=91.0.4472.164)
  (Driver info: chromedriver=91.0.4472.19 (1bf021f248676a0b2ab3ee0561d83a59e424c23e-refs/branch-heads/4472@{#288}),platform=Windows NT 10.0.19042 x86_64) (WARNING: The server did not provide any stacktrace information)
Command duration or timeout: 13 milliseconds
Build info: version: '2.53.0', revision: '35ae25b', time: '2016-03-15 17:00:58'
System info: host: 'DESKTOP-HN7G6VG', ip: '192.168.2.49', os.name: 'Windows 10', os.arch: 'amd64', os.version: '10.0', java.version: '1.8.0_221'
Driver info: org.openqa.selenium.chrome.ChromeDriver
Capabilities [{mobileEmulationEnabled=false, timeouts={implicit=0, pageLoad=300000, script=30000}, hasTouchScreen=false, platform=XP, acceptSslCerts=false, goog:chromeOptions={debuggerAddress=localhost:62197}, acceptInsecureCerts=false, webStorageEnabled=true, browserName=chrome, takesScreenshot=true, javascriptEnabled=true, setWindowRect=true, webauthn:extension:largeBlob=true, unexpectedAlertBehaviour=ignore, applicationCacheEnabled=false, rotatable=false, networkConnectionEnabled=false, chrome={chromedriverVersion=91.0.4472.19 (1bf021f248676a0b2ab3ee0561d83a59e424c23e-refs/branch-heads/4472@{#288}), userDataDir=C:\Users\xiaolong\AppData\Local\Temp\scoped_dir6848_1717813170}, takesHeapSnapshot=true, pageLoadStrategy=normal, strictFileInteractability=false, databaseEnabled=false, handlesAlerts=true, version=91.0.4472.164, browserConnectionEnabled=false, proxy={}, nativeEvents=true, locationContextEnabled=true, cssSelectorsEnabled=true, webauthn:virtualAuthenticators=true}]
Session ID: eebb7a7330d331d5c59cf86e5a86a6c6
Stacktrace:
    at sun.reflect.NativeConstructorAccessorImpl.newInstance0 (None:-2)
    at sun.reflect.NativeConstructorAccessorImpl.newInstance (None:-1)
    at sun.reflect.DelegatingConstructorAccessorImpl.newInstance (None:-1)
    at java.lang.reflect.Constructor.newInstance (None:-1)
    at org.openqa.selenium.remote.ErrorHandler.createThrowable (ErrorHandler.java:206)
    at org.openqa.selenium.remote.ErrorHandler.throwIfResponseFailed (ErrorHandler.java:158)
    at org.openqa.selenium.remote.RemoteWebDriver.execute (RemoteWebDriver.java:678)
    at org.openqa.selenium.remote.RemoteWebDriver.execute (RemoteWebDriver.java:701)
    at org.openqa.selenium.remote.RemoteWebDriver$RemoteTargetLocator.alert (RemoteWebDriver.java:1049)
    at org.openqa.selenium.support.events.EventFiringWebDriver$EventFiringTargetLocator.alert (EventFiringWebDriver.java:615)
    at org.openqa.selenium.remote.server.handler.GetAlertText.call (GetAlertText.java:30)
    at org.openqa.selenium.remote.server.handler.GetAlertText.call (GetAlertText.java:1)
    at java.util.concurrent.FutureTask.run (None:-1)
    at org.openqa.selenium.remote.server.DefaultSession$1.run (DefaultSession.java:176)
    at java.util.concurrent.ThreadPoolExecutor.runWorker (None:-1)
    at java.util.concurrent.ThreadPoolExecutor$Worker.run (None:-1)
    at java.lang.Thread.run (None:-1)
[2021-08-05 14:44:36,390] [log.py|__console] [line:40] INFO    : 当前执行测试用例ID-> test_control_case_00 ; 测试点-> 切换手动模式
[2021-08-05 14:46:50,458] [log.py|__console] [line:40] INFO    : 当前执行测试用例ID-> test_control_case_00 ; 测试点-> 切换手动模式
[2021-08-05 14:48:40,925] [log.py|__console] [line:40] INFO    : 当前执行测试用例ID-> test_control_case_00 ; 测试点-> 切换手动模式
[2021-08-05 14:48:48,216] [log.py|__console] [line:40] INFO    : 检查点-> 手动模式
[2021-08-05 14:48:48,400] [log.py|__console] [line:40] INFO    : 返回实际结果是->: 手动模式
