[2021-07-29 14:46:19,325] [log.py|__console] [line:40] INFO    : 当前执行测试用例ID-> test_add_case_00 ; 测试点-> 输入集团名称等，添加成功
[2021-07-29 14:46:30,075] [log.py|__console] [line:46] ERROR   : <public.page_obj.swzAddZhyzPage.facilityAdd object at 0x0000029EE1A5D548>页面中未能找到('xpath', '//iframe[contains(@src,"mqttAddDeviceInfo.html?deviceType=00063")]')元素
[2021-07-29 14:46:30,134] [log.py|__console] [line:40] INFO    : 当前执行测试用例ID-> test_add_case_01 ; 测试点-> 设备id不能输入中文
[2021-07-29 14:46:30,535] [log.py|__console] [line:40] INFO    : 当前执行测试用例ID-> test_add_case_02 ; 测试点-> 设备名称不能重复
[2021-07-29 14:46:30,961] [log.py|__console] [line:40] INFO    : 当前执行测试用例ID-> test_add_case_03 ; 测试点-> 设备id不能重复
[2021-07-29 14:46:31,354] [log.py|__console] [line:40] INFO    : 当前执行测试用例ID-> test_add_case_04 ; 测试点-> 集团名称为空，必填项不能为空
[2021-07-29 14:46:31,386] [log.py|__console] [line:40] INFO    : 当前执行测试用例ID-> test_add_case_05 ; 测试点-> 猪场名称为空，必填项不能为空
[2021-07-29 14:46:31,432] [log.py|__console] [line:40] INFO    : 当前执行测试用例ID-> test_add_case_06 ; 测试点-> 栋舍列表为空，必填项不能为空
[2021-07-29 14:46:31,468] [log.py|__console] [line:40] INFO    : 当前执行测试用例ID-> test_add_case_07 ; 测试点-> 设备名称为空，必填项不能为空
[2021-07-29 14:46:31,493] [log.py|__console] [line:40] INFO    : 当前执行测试用例ID-> test_add_case_08 ; 测试点-> 设备id为空，必填项不能为空
[2021-07-29 14:46:31,508] [log.py|__console] [line:40] INFO    : 当前执行测试用例ID-> test_add_case_09 ; 测试点-> 轨道编号为空，必填项不能为空
[2021-07-29 14:47:10,089] [log.py|__console] [line:40] INFO    : 当前执行测试用例ID-> test_add_case_00 ; 测试点-> 输入集团名称等，添加成功
[2021-07-29 14:47:23,420] [log.py|__console] [line:40] INFO    : 当前执行测试用例ID-> test_add_case_01 ; 测试点-> 设备id不能输入中文
[2021-07-29 14:47:23,706] [log.py|__console] [line:40] INFO    : 当前执行测试用例ID-> test_add_case_02 ; 测试点-> 设备名称不能重复
[2021-07-29 14:47:24,084] [log.py|__console] [line:40] INFO    : 当前执行测试用例ID-> test_add_case_03 ; 测试点-> 设备id不能重复
[2021-07-29 14:47:24,413] [log.py|__console] [line:40] INFO    : 当前执行测试用例ID-> test_add_case_04 ; 测试点-> 集团名称为空，必填项不能为空
[2021-07-29 14:47:24,444] [log.py|__console] [line:40] INFO    : 当前执行测试用例ID-> test_add_case_05 ; 测试点-> 猪场名称为空，必填项不能为空
[2021-07-29 14:47:24,458] [log.py|__console] [line:40] INFO    : 当前执行测试用例ID-> test_add_case_06 ; 测试点-> 栋舍列表为空，必填项不能为空
[2021-07-29 14:47:24,473] [log.py|__console] [line:40] INFO    : 当前执行测试用例ID-> test_add_case_07 ; 测试点-> 设备名称为空，必填项不能为空
[2021-07-29 14:47:24,489] [log.py|__console] [line:40] INFO    : 当前执行测试用例ID-> test_add_case_08 ; 测试点-> 设备id为空，必填项不能为空
[2021-07-29 14:47:24,506] [log.py|__console] [line:40] INFO    : 当前执行测试用例ID-> test_add_case_09 ; 测试点-> 轨道编号为空，必填项不能为空
[2021-07-29 15:12:59,211] [log.py|__console] [line:40] INFO    : 当前执行测试用例ID-> test_add_case_00 ; 测试点-> 输入集团名称等，添加成功
[2021-07-29 15:13:15,652] [log.py|__console] [line:46] ERROR   : 查找alert弹出框异常-> Message: no such alert
  (Session info: chrome=91.0.4472.164)
  (Driver info: chromedriver=91.0.4472.19 (1bf021f248676a0b2ab3ee0561d83a59e424c23e-refs/branch-heads/4472@{#288}),platform=Windows NT 10.0.19042 x86_64) (WARNING: The server did not provide any stacktrace information)
Command duration or timeout: 31 milliseconds
Build info: version: '2.53.0', revision: '35ae25b', time: '2016-03-15 17:00:58'
System info: host: 'DESKTOP-HN7G6VG', ip: '192.168.2.3', os.name: 'Windows 10', os.arch: 'amd64', os.version: '10.0', java.version: '1.8.0_221'
Driver info: org.openqa.selenium.chrome.ChromeDriver
Capabilities [{mobileEmulationEnabled=false, timeouts={implicit=0, pageLoad=300000, script=30000}, hasTouchScreen=false, platform=XP, acceptSslCerts=false, goog:chromeOptions={debuggerAddress=localhost:52485}, acceptInsecureCerts=false, webStorageEnabled=true, browserName=chrome, takesScreenshot=true, javascriptEnabled=true, setWindowRect=true, webauthn:extension:largeBlob=true, unexpectedAlertBehaviour=ignore, applicationCacheEnabled=false, rotatable=false, networkConnectionEnabled=false, chrome={chromedriverVersion=91.0.4472.19 (1bf021f248676a0b2ab3ee0561d83a59e424c23e-refs/branch-heads/4472@{#288}), userDataDir=C:\Users\xiaolong\AppData\Local\Temp\scoped_dir13596_1171902996}, takesHeapSnapshot=true, pageLoadStrategy=normal, strictFileInteractability=false, databaseEnabled=false, handlesAlerts=true, version=91.0.4472.164, browserConnectionEnabled=false, proxy={}, nativeEvents=true, locationContextEnabled=true, cssSelectorsEnabled=true, webauthn:virtualAuthenticators=true}]
Session ID: 8fe8af57ba58ce22e4fcb56e31bd3e7d
Stacktrace:
    at sun.reflect.NativeConstructorAccessorImpl.newInstance0 (None:-2)
    at sun.reflect.NativeConstructorAccessorImpl.newInstance (None:-1)
    at sun.reflect.DelegatingConstructorAccessorImpl.newInstance (None:-1)
    at java.lang.reflect.Constructor.newInstance (None:-1)
    at org.openqa.selenium.remote.ErrorHandler.createThrowable (ErrorHandler.java:206)
    at org.openqa.selenium.remote.ErrorHandler.throwIfResponseFailed (ErrorHandler.java:158)
    at org.openqa.selenium.remote.RemoteWebDriver.execute (RemoteWebDriver.java:678)
    at org.openqa.selenium.remote.RemoteWebDriver.execute (RemoteWebDriver.java:701)
    at org.openqa.selenium.remote.RemoteWebDriver$RemoteTargetLocator.alert (RemoteWebDriver.java:1049)
    at org.openqa.selenium.support.events.EventFiringWebDriver$EventFiringTargetLocator.alert (EventFiringWebDriver.java:615)
    at org.openqa.selenium.remote.server.handler.GetAlertText.call (GetAlertText.java:30)
    at org.openqa.selenium.remote.server.handler.GetAlertText.call (GetAlertText.java:1)
    at java.util.concurrent.FutureTask.run (None:-1)
    at org.openqa.selenium.remote.server.DefaultSession$1.run (DefaultSession.java:176)
    at java.util.concurrent.ThreadPoolExecutor.runWorker (None:-1)
    at java.util.concurrent.ThreadPoolExecutor$Worker.run (None:-1)
    at java.lang.Thread.run (None:-1)
[2021-07-29 15:14:49,979] [log.py|__console] [line:40] INFO    : 当前执行测试用例ID-> test_add_case_03 ; 测试点-> 设备id不能重复
[2021-07-29 15:15:05,789] [log.py|__console] [line:46] ERROR   : <public.page_obj.swzAddZhyzPage.facilityAdd object at 0x000001FEA0462A48>页面中未能找到('xpath', '//*[@id="add"]')元素
[2021-07-29 15:15:12,717] [log.py|__console] [line:40] INFO    : 当前执行测试用例ID-> test_add_case_03 ; 测试点-> 设备id不能重复
[2021-07-29 15:15:28,508] [log.py|__console] [line:46] ERROR   : <public.page_obj.swzAddZhyzPage.facilityAdd object at 0x00000228D57D4D08>页面中未能找到('xpath', '//*[@id="add"]')元素
[2021-07-29 15:16:05,639] [log.py|__console] [line:40] INFO    : 当前执行测试用例ID-> test_add_case_03 ; 测试点-> 设备id不能重复
[2021-07-29 15:43:07,050] [log.py|__console] [line:40] INFO    : 当前执行测试用例ID-> test_add_case_03 ; 测试点-> 设备id不能重复
[2021-07-29 15:44:18,195] [log.py|__console] [line:40] INFO    : 当前执行测试用例ID-> test_add_case_03 ; 测试点-> 设备id不能重复
[2021-07-29 15:45:15,474] [log.py|__console] [line:40] INFO    : 当前执行测试用例ID-> test_add_case_03 ; 测试点-> 设备id不能重复
[2021-07-29 15:45:25,856] [log.py|__console] [line:40] INFO    : 当前执行测试用例ID-> test_add_case_03 ; 测试点-> 设备id不能重复
[2021-07-29 15:45:50,614] [log.py|__console] [line:46] ERROR   : <public.page_obj.swzAddZhyzPage.facilityAdd object at 0x0000022D7F5215C8>页面中未能找到('xpath', '//*[@id="layui-layer1"]/div')元素
[2021-07-29 15:50:41,548] [log.py|__console] [line:40] INFO    : 当前执行测试用例ID-> test_add_case_03 ; 测试点-> 设备id不能重复
[2021-07-29 15:50:54,276] [log.py|__console] [line:40] INFO    : 检查点-> 必填项不能为空
[2021-07-29 15:51:54,518] [log.py|__console] [line:40] INFO    : 当前执行测试用例ID-> test_add_case_04 ; 测试点-> 集团名称为空，必填项不能为空
[2021-07-29 15:52:36,452] [log.py|__console] [line:40] INFO    : 当前执行测试用例ID-> test_add_case_04 ; 测试点-> 集团名称为空，必填项不能为空
[2021-07-29 15:52:49,487] [log.py|__console] [line:40] INFO    : 检查点-> 必填项不能为空
[2021-07-29 15:52:49,488] [log.py|__console] [line:40] INFO    : 返回实际结果是->: 必填项不能为空
[2021-07-29 16:16:05,639] [log.py|__console] [line:40] INFO    : 当前执行测试用例ID-> test_add_case_00 ; 测试点-> 输入集团名称等，添加成功
[2021-07-29 16:16:17,114] [log.py|__console] [line:46] ERROR   : <public.page_obj.swzAddZhyzPage.facilityAdd object at 0x000001ECA20FE1C8>页面中未能找到('xpath', '//*[@id="layui-layer1"]/div')元素
[2021-07-29 16:17:01,140] [log.py|__console] [line:40] INFO    : 当前执行测试用例ID-> test_add_case_00 ; 测试点-> 输入集团名称等，添加成功
[2021-07-29 16:17:11,962] [log.py|__console] [line:46] ERROR   : <public.page_obj.swzAddZhyzPage.facilityAdd object at 0x0000025A800B4F48>页面中未能找到('xpath', '//*[@id="layui-layer1"]/div')元素
[2021-07-29 16:17:37,146] [log.py|__console] [line:40] INFO    : 当前执行测试用例ID-> test_add_case_05 ; 测试点-> 设备名称为空，必填项不能为空
[2021-07-29 16:18:40,484] [log.py|__console] [line:40] INFO    : 当前执行测试用例ID-> test_add_case_05 ; 测试点-> 设备名称为空，必填项不能为空
[2021-07-29 16:19:53,881] [log.py|__console] [line:40] INFO    : 当前执行测试用例ID-> test_add_case_05 ; 测试点-> 设备名称为空，必填项不能为空
[2021-07-29 16:20:18,115] [log.py|__console] [line:40] INFO    : 当前执行测试用例ID-> test_add_case_05 ; 测试点-> 设备名称为空，必填项不能为空
[2021-07-29 16:21:25,957] [log.py|__console] [line:40] INFO    : 当前执行测试用例ID-> test_add_case_05 ; 测试点-> 设备名称为空，必填项不能为空
[2021-07-29 16:21:36,648] [log.py|__console] [line:40] INFO    : 检查点-> 必填项不能为空
[2021-07-29 16:21:36,648] [log.py|__console] [line:40] INFO    : 返回实际结果是->: 必填项不能为空
[2021-07-29 16:29:40,116] [log.py|__console] [line:40] INFO    : 当前执行测试用例ID-> test_add_case_07 ; 测试点-> 轨道编号为空，必填项不能为空
[2021-07-29 16:29:50,252] [log.py|__console] [line:40] INFO    : 当前执行测试用例ID-> test_add_case_07 ; 测试点-> 轨道编号为空，必填项不能为空
[2021-07-29 16:30:01,116] [log.py|__console] [line:40] INFO    : 检查点-> 必填项不能为空
[2021-07-29 16:30:01,116] [log.py|__console] [line:40] INFO    : 返回实际结果是->: 必填项不能为空
