[2021-07-20 15:13:21,311] [log.py|__console] [line:40] INFO    : 当前执行测试用例ID-> test_manage001.1 ; 测试点-> 集团名称查询成功
[2021-07-20 15:13:21,739] [log.py|__console] [line:40] INFO    : 当前执行测试用例ID-> test_manage001.2 ; 测试点-> 猪场名称查询成功
[2021-07-20 15:13:22,178] [log.py|__console] [line:40] INFO    : 当前执行测试用例ID-> test_manage001.3 ; 测试点-> 栋舍列表查询成功
[2021-07-20 15:13:22,556] [log.py|__console] [line:40] INFO    : 当前执行测试用例ID-> test_manage001.4 ; 测试点-> 输入设备id查询成功
[2021-07-20 15:13:22,996] [log.py|__console] [line:40] INFO    : 当前执行测试用例ID-> test_manage001.5 ; 测试点-> 重置检索条件成功
[2021-07-20 15:13:23,402] [log.py|__console] [line:40] INFO    : 当前执行测试用例ID-> test_manage001.6 ; 测试点-> 添加设备成功
[2021-07-20 15:13:23,866] [log.py|__console] [line:40] INFO    : 当前执行测试用例ID-> test_manage001.7 ; 测试点-> 下载导入模板成功
[2021-07-20 15:13:24,295] [log.py|__console] [line:40] INFO    : 当前执行测试用例ID-> test_manage001.8 ; 测试点-> 选择文件，批量添加设备成功
[2021-07-20 15:13:24,701] [log.py|__console] [line:40] INFO    : 当前执行测试用例ID-> test_manage001.9 ; 测试点-> 选择设备点击控制按钮，弹出控制页面成功
[2021-07-20 15:23:24,751] [log.py|__console] [line:40] INFO    : 当前执行测试用例ID-> test_manage001.1 ; 测试点-> 集团名称查询成功
[2021-07-20 15:23:25,225] [log.py|__console] [line:40] INFO    : 当前执行测试用例ID-> test_manage001.2 ; 测试点-> 猪场名称查询成功
[2021-07-20 15:23:25,686] [log.py|__console] [line:40] INFO    : 当前执行测试用例ID-> test_manage001.3 ; 测试点-> 栋舍列表查询成功
[2021-07-20 15:23:26,105] [log.py|__console] [line:40] INFO    : 当前执行测试用例ID-> test_manage001.4 ; 测试点-> 输入设备id查询成功
[2021-07-20 15:23:26,559] [log.py|__console] [line:40] INFO    : 当前执行测试用例ID-> test_manage001.5 ; 测试点-> 重置检索条件成功
[2021-07-20 15:23:26,930] [log.py|__console] [line:40] INFO    : 当前执行测试用例ID-> test_manage001.6 ; 测试点-> 添加设备成功
[2021-07-20 15:23:27,354] [log.py|__console] [line:40] INFO    : 当前执行测试用例ID-> test_manage001.7 ; 测试点-> 下载导入模板成功
[2021-07-20 15:23:27,699] [log.py|__console] [line:40] INFO    : 当前执行测试用例ID-> test_manage001.8 ; 测试点-> 选择文件，批量添加设备成功
[2021-07-20 15:23:28,081] [log.py|__console] [line:40] INFO    : 当前执行测试用例ID-> test_manage001.9 ; 测试点-> 选择设备点击控制按钮，弹出控制页面成功
[2021-07-20 15:27:31,468] [log.py|__console] [line:40] INFO    : 当前执行测试用例ID-> test_manage001.1 ; 测试点-> 集团名称查询成功
[2021-07-20 15:27:31,970] [log.py|__console] [line:40] INFO    : 当前执行测试用例ID-> test_manage001.2 ; 测试点-> 猪场名称查询成功
[2021-07-20 15:27:32,364] [log.py|__console] [line:40] INFO    : 当前执行测试用例ID-> test_manage001.3 ; 测试点-> 栋舍列表查询成功
[2021-07-20 15:27:32,733] [log.py|__console] [line:40] INFO    : 当前执行测试用例ID-> test_manage001.4 ; 测试点-> 输入设备id查询成功
[2021-07-20 15:27:33,131] [log.py|__console] [line:40] INFO    : 当前执行测试用例ID-> test_manage001.5 ; 测试点-> 重置检索条件成功
[2021-07-20 15:27:33,517] [log.py|__console] [line:40] INFO    : 当前执行测试用例ID-> test_manage001.6 ; 测试点-> 添加设备成功
[2021-07-20 15:27:33,888] [log.py|__console] [line:40] INFO    : 当前执行测试用例ID-> test_manage001.7 ; 测试点-> 下载导入模板成功
[2021-07-20 15:27:34,330] [log.py|__console] [line:40] INFO    : 当前执行测试用例ID-> test_manage001.8 ; 测试点-> 选择文件，批量添加设备成功
[2021-07-20 15:27:34,812] [log.py|__console] [line:40] INFO    : 当前执行测试用例ID-> test_manage001.9 ; 测试点-> 选择设备点击控制按钮，弹出控制页面成功
[2021-07-20 15:32:09,915] [log.py|__console] [line:40] INFO    : 当前执行测试用例ID-> test_manage001.1 ; 测试点-> 集团名称查询成功
[2021-07-20 15:32:10,397] [log.py|__console] [line:40] INFO    : 当前执行测试用例ID-> test_manage001.2 ; 测试点-> 猪场名称查询成功
[2021-07-20 15:32:10,554] [log.py|__console] [line:40] INFO    : 当前执行测试用例ID-> test_manage001.3 ; 测试点-> 栋舍列表查询成功
[2021-07-20 15:32:10,699] [log.py|__console] [line:40] INFO    : 当前执行测试用例ID-> test_manage001.4 ; 测试点-> 输入设备id查询成功
[2021-07-20 15:32:10,827] [log.py|__console] [line:40] INFO    : 当前执行测试用例ID-> test_manage001.5 ; 测试点-> 重置检索条件成功
[2021-07-20 15:32:10,989] [log.py|__console] [line:40] INFO    : 当前执行测试用例ID-> test_manage001.6 ; 测试点-> 添加设备成功
[2021-07-20 15:32:11,130] [log.py|__console] [line:40] INFO    : 当前执行测试用例ID-> test_manage001.7 ; 测试点-> 下载导入模板成功
[2021-07-20 15:32:11,266] [log.py|__console] [line:40] INFO    : 当前执行测试用例ID-> test_manage001.8 ; 测试点-> 选择文件，批量添加设备成功
[2021-07-20 15:32:11,439] [log.py|__console] [line:40] INFO    : 当前执行测试用例ID-> test_manage001.9 ; 测试点-> 选择设备点击控制按钮，弹出控制页面成功
[2021-07-20 15:33:13,825] [log.py|__console] [line:40] INFO    : 当前执行测试用例ID-> test_manage001.1 ; 测试点-> 集团名称查询成功
[2021-07-20 15:34:13,218] [log.py|__console] [line:40] INFO    : 当前执行测试用例ID-> test_manage001.2 ; 测试点-> 猪场名称查询成功
[2021-07-20 15:34:33,845] [log.py|__console] [line:40] INFO    : 当前执行测试用例ID-> test_manage001.3 ; 测试点-> 栋舍列表查询成功
[2021-07-20 15:35:03,333] [log.py|__console] [line:40] INFO    : 当前执行测试用例ID-> test_manage001.4 ; 测试点-> 输入设备id查询成功
[2021-07-20 15:35:16,770] [log.py|__console] [line:40] INFO    : 当前执行测试用例ID-> test_manage001.5 ; 测试点-> 重置检索条件成功
[2021-07-20 15:35:27,815] [log.py|__console] [line:40] INFO    : 当前执行测试用例ID-> test_manage001.6 ; 测试点-> 添加设备成功
[2021-07-20 15:35:34,078] [log.py|__console] [line:40] INFO    : 当前执行测试用例ID-> test_manage001.7 ; 测试点-> 下载导入模板成功
[2021-07-20 15:35:44,485] [log.py|__console] [line:40] INFO    : 当前执行测试用例ID-> test_manage001.8 ; 测试点-> 选择文件，批量添加设备成功
[2021-07-20 15:35:53,323] [log.py|__console] [line:40] INFO    : 当前执行测试用例ID-> test_manage001.9 ; 测试点-> 选择设备点击控制按钮，弹出控制页面成功
[2021-07-20 15:39:02,178] [log.py|__console] [line:40] INFO    : 当前执行测试用例ID-> test_manage001.1 ; 测试点-> 集团名称查询成功
[2021-07-20 15:45:37,241] [log.py|__console] [line:40] INFO    : 当前执行测试用例ID-> test_manage001.1 ; 测试点-> 集团名称查询成功
[2021-07-20 15:45:37,403] [log.py|__console] [line:40] INFO    : 当前执行测试用例ID-> test_manage001.2 ; 测试点-> 猪场名称查询成功
[2021-07-20 15:45:37,566] [log.py|__console] [line:40] INFO    : 当前执行测试用例ID-> test_manage001.3 ; 测试点-> 栋舍列表查询成功
[2021-07-20 15:45:37,729] [log.py|__console] [line:40] INFO    : 当前执行测试用例ID-> test_manage001.4 ; 测试点-> 输入设备id查询成功
[2021-07-20 15:45:37,885] [log.py|__console] [line:40] INFO    : 当前执行测试用例ID-> test_manage001.5 ; 测试点-> 重置检索条件成功
[2021-07-20 15:45:38,048] [log.py|__console] [line:40] INFO    : 当前执行测试用例ID-> test_manage001.6 ; 测试点-> 添加设备成功
[2021-07-20 15:45:38,259] [log.py|__console] [line:40] INFO    : 当前执行测试用例ID-> test_manage001.7 ; 测试点-> 下载导入模板成功
[2021-07-20 15:45:38,433] [log.py|__console] [line:40] INFO    : 当前执行测试用例ID-> test_manage001.8 ; 测试点-> 选择文件，批量添加设备成功
[2021-07-20 15:45:38,601] [log.py|__console] [line:40] INFO    : 当前执行测试用例ID-> test_manage001.9 ; 测试点-> 选择设备点击控制按钮，弹出控制页面成功
[2021-07-20 15:46:28,810] [log.py|__console] [line:40] INFO    : 当前执行测试用例ID-> test_manage001.1 ; 测试点-> 集团名称查询成功
[2021-07-20 15:48:08,844] [log.py|__console] [line:40] INFO    : 当前执行测试用例ID-> test_manage001.1 ; 测试点-> 集团名称查询成功
[2021-07-20 15:49:09,746] [log.py|__console] [line:40] INFO    : 当前执行测试用例ID-> test_manage001.2 ; 测试点-> 猪场名称查询成功
[2021-07-20 15:49:09,928] [log.py|__console] [line:40] INFO    : 当前执行测试用例ID-> test_manage001.3 ; 测试点-> 栋舍列表查询成功
[2021-07-20 15:49:10,064] [log.py|__console] [line:40] INFO    : 当前执行测试用例ID-> test_manage001.4 ; 测试点-> 输入设备id查询成功
[2021-07-20 15:49:10,224] [log.py|__console] [line:40] INFO    : 当前执行测试用例ID-> test_manage001.5 ; 测试点-> 重置检索条件成功
[2021-07-20 15:49:10,360] [log.py|__console] [line:40] INFO    : 当前执行测试用例ID-> test_manage001.6 ; 测试点-> 添加设备成功
[2021-07-20 15:49:10,514] [log.py|__console] [line:40] INFO    : 当前执行测试用例ID-> test_manage001.7 ; 测试点-> 下载导入模板成功
[2021-07-20 15:49:10,658] [log.py|__console] [line:40] INFO    : 当前执行测试用例ID-> test_manage001.8 ; 测试点-> 选择文件，批量添加设备成功
[2021-07-20 15:49:10,818] [log.py|__console] [line:40] INFO    : 当前执行测试用例ID-> test_manage001.9 ; 测试点-> 选择设备点击控制按钮，弹出控制页面成功
[2021-07-20 15:50:20,873] [log.py|__console] [line:40] INFO    : 当前执行测试用例ID-> test_manage001.1 ; 测试点-> 集团名称查询成功
[2021-07-20 15:51:34,020] [log.py|__console] [line:40] INFO    : 当前执行测试用例ID-> test_manage001.1 ; 测试点-> 集团名称查询成功
[2021-07-20 15:57:36,190] [log.py|__console] [line:40] INFO    : 当前执行测试用例ID-> test_manage001.1 ; 测试点-> 集团名称查询成功
[2021-07-20 16:00:26,602] [log.py|__console] [line:40] INFO    : 当前执行测试用例ID-> test_manage001.1 ; 测试点-> 集团名称查询成功
[2021-07-20 16:01:43,571] [log.py|__console] [line:40] INFO    : 当前执行测试用例ID-> test_manage001.1 ; 测试点-> 集团名称查询成功
[2021-07-20 16:07:28,172] [log.py|__console] [line:40] INFO    : 当前执行测试用例ID-> test_manage001.1 ; 测试点-> 集团名称查询成功
[2021-07-20 16:08:24,593] [log.py|__console] [line:40] INFO    : 当前执行测试用例ID-> test_manage001.1 ; 测试点-> 集团名称查询成功
[2021-07-20 16:08:52,097] [log.py|__console] [line:46] ERROR   : <public.page_obj.manageZhyzPage.manage object at 0x000001E2DF06EAC8>页面中未能找到(('xpath', '//*[@placeholder="请选择集团"]'),)元素
[2021-07-20 16:09:46,320] [log.py|__console] [line:40] INFO    : 当前执行测试用例ID-> test_manage001.1 ; 测试点-> 集团名称查询成功
[2021-07-20 16:10:03,087] [log.py|__console] [line:46] ERROR   : <public.page_obj.manageZhyzPage.manage object at 0x0000013556C82608>页面中未能找到('xpath', '//*[@placeholder="请选择集团"]')元素
[2021-07-20 16:13:15,080] [log.py|__console] [line:40] INFO    : 当前执行测试用例ID-> test_manage001.1 ; 测试点-> 集团名称查询成功
[2021-07-20 16:27:05,150] [log.py|__console] [line:40] INFO    : 当前执行测试用例ID-> test_manage001.1 ; 测试点-> 集团名称查询成功
[2021-07-20 16:41:43,842] [log.py|__console] [line:40] INFO    : 当前执行测试用例ID-> test_manage001.1 ; 测试点-> 集团名称查询成功
[2021-07-20 16:43:13,210] [log.py|__console] [line:40] INFO    : 当前执行测试用例ID-> test_manage001.1 ; 测试点-> 集团名称查询成功
[2021-07-20 16:50:20,559] [log.py|__console] [line:40] INFO    : 当前执行测试用例ID-> test_manage001.1 ; 测试点-> 集团名称查询成功
[2021-07-20 16:56:47,480] [log.py|__console] [line:40] INFO    : 当前执行测试用例ID-> test_manage001.1 ; 测试点-> 集团名称查询成功
[2021-07-20 16:56:50,276] [log.py|__console] [line:40] INFO    : 当前执行测试用例ID-> test_manage001.2 ; 测试点-> 猪场名称查询成功
[2021-07-20 16:58:54,744] [log.py|__console] [line:40] INFO    : 当前执行测试用例ID-> test_manage001.1 ; 测试点-> 集团名称查询成功
[2021-07-20 16:59:02,578] [log.py|__console] [line:40] INFO    : 当前执行测试用例ID-> test_manage001.2 ; 测试点-> 猪场名称查询成功
[2021-07-20 17:02:16,929] [log.py|__console] [line:40] INFO    : 当前执行测试用例ID-> test_manage001.1 ; 测试点-> 集团名称查询成功
[2021-07-20 17:02:25,860] [log.py|__console] [line:40] INFO    : 当前执行测试用例ID-> test_manage001.2 ; 测试点-> 猪场名称查询成功
