[2021-07-16 12:24:49,397] [log.py|__console] [line:46] ERROR   : <public.page_obj.controlZhyzPage.control object at 0x0000021B7F55F708>页面中未能找到('xpath', '//em[text()="自动模式"]')元素
[2021-07-16 12:26:25,740] [log.py|__console] [line:46] ERROR   : <public.page_obj.controlZhyzPage.control object at 0x0000020DAD1E1588>页面中未能找到('xpath', '//em[text()="自动模式"]')元素
[2021-07-16 13:23:33,604] [log.py|__console] [line:46] ERROR   : <public.page_obj.controlZhyzPage.control object at 0x000002AB3B692908>页面中未能找到('xpath', '//em[text()="自动模式"]')元素
[2021-07-16 16:49:27,641] [log.py|__console] [line:46] ERROR   : <public.page_obj.controlZhyzPage.control object at 0x0000022A94EF2288>页面中未能找到('xpath', '//em[text()="手动模式"]')元素
[2021-07-16 16:52:12,434] [log.py|__console] [line:46] ERROR   : <public.page_obj.controlZhyzPage.control object at 0x0000017FAE0C3F08>页面中未能找到('xpath', '//em[text()="手动模式"]')元素
[2021-07-16 16:54:06,303] [log.py|__console] [line:46] ERROR   : <public.page_obj.controlZhyzPage.control object at 0x000001B60E6E4AC8>页面中未能找到('xpath', '//em[text()="手动模式"]')元素
[2021-07-16 16:54:29,031] [log.py|__console] [line:46] ERROR   : <public.page_obj.controlZhyzPage.control object at 0x000001B60E70EA08>页面中未能找到('xpath', '//em[text()="手动模式"]')元素
[2021-07-16 16:59:30,193] [log.py|__console] [line:46] ERROR   : 查找alert弹出框异常-> Message: no such alert
  (Session info: chrome=90.0.4430.93)
  (Driver info: chromedriver=2.41.578737 (49da6702b16031c40d63e5618de03a32ff6c197e),platform=Windows NT 10.0.19042 x86_64) (WARNING: The server did not provide any stacktrace information)
Command duration or timeout: 8 milliseconds
Build info: version: '2.53.0', revision: '35ae25b', time: '2016-03-15 17:00:58'
System info: host: 'DESKTOP-HN7G6VG', ip: '192.168.2.3', os.name: 'Windows 10', os.arch: 'amd64', os.version: '10.0', java.version: '1.8.0_221'
Driver info: org.openqa.selenium.chrome.ChromeDriver
Capabilities [{mobileEmulationEnabled=false, hasTouchScreen=false, platform=XP, acceptSslCerts=false, goog:chromeOptions={debuggerAddress=localhost:57240}, acceptInsecureCerts=false, webStorageEnabled=true, browserName=chrome, takesScreenshot=true, javascriptEnabled=true, setWindowRect=true, unexpectedAlertBehaviour=, applicationCacheEnabled=false, rotatable=false, networkConnectionEnabled=false, chrome={chromedriverVersion=2.41.578737 (49da6702b16031c40d63e5618de03a32ff6c197e), userDataDir=C:\Users\xiaolong\AppData\Local\Temp\scoped_dir15008_3442}, takesHeapSnapshot=true, pageLoadStrategy=normal, databaseEnabled=false, handlesAlerts=true, version=90.0.4430.93, browserConnectionEnabled=false, nativeEvents=true, locationContextEnabled=true, cssSelectorsEnabled=true}]
Session ID: 9519ef61c6cbdee5764eed2db0377566
Stacktrace:
    at sun.reflect.NativeConstructorAccessorImpl.newInstance0 (None:-2)
    at sun.reflect.NativeConstructorAccessorImpl.newInstance (None:-1)
    at sun.reflect.DelegatingConstructorAccessorImpl.newInstance (None:-1)
    at java.lang.reflect.Constructor.newInstance (None:-1)
    at org.openqa.selenium.remote.ErrorHandler.createThrowable (ErrorHandler.java:206)
    at org.openqa.selenium.remote.ErrorHandler.throwIfResponseFailed (ErrorHandler.java:158)
    at org.openqa.selenium.remote.RemoteWebDriver.execute (RemoteWebDriver.java:678)
    at org.openqa.selenium.remote.RemoteWebDriver.execute (RemoteWebDriver.java:701)
    at org.openqa.selenium.remote.RemoteWebDriver$RemoteTargetLocator.alert (RemoteWebDriver.java:1049)
    at org.openqa.selenium.support.events.EventFiringWebDriver$EventFiringTargetLocator.alert (EventFiringWebDriver.java:615)
    at org.openqa.selenium.remote.server.handler.GetAlertText.call (GetAlertText.java:30)
    at org.openqa.selenium.remote.server.handler.GetAlertText.call (GetAlertText.java:1)
    at java.util.concurrent.FutureTask.run (None:-1)
    at org.openqa.selenium.remote.server.DefaultSession$1.run (DefaultSession.java:176)
    at java.util.concurrent.ThreadPoolExecutor.runWorker (None:-1)
    at java.util.concurrent.ThreadPoolExecutor$Worker.run (None:-1)
    at java.lang.Thread.run (None:-1)
[2021-07-16 16:59:50,556] [log.py|__console] [line:46] ERROR   : 查找alert弹出框异常-> Message: no such alert
  (Session info: chrome=90.0.4430.93)
  (Driver info: chromedriver=2.41.578737 (49da6702b16031c40d63e5618de03a32ff6c197e),platform=Windows NT 10.0.19042 x86_64) (WARNING: The server did not provide any stacktrace information)
Command duration or timeout: 14 milliseconds
Build info: version: '2.53.0', revision: '35ae25b', time: '2016-03-15 17:00:58'
System info: host: 'DESKTOP-HN7G6VG', ip: '192.168.2.3', os.name: 'Windows 10', os.arch: 'amd64', os.version: '10.0', java.version: '1.8.0_221'
Driver info: org.openqa.selenium.chrome.ChromeDriver
Capabilities [{mobileEmulationEnabled=false, hasTouchScreen=false, platform=XP, acceptSslCerts=false, goog:chromeOptions={debuggerAddress=localhost:57240}, acceptInsecureCerts=false, webStorageEnabled=true, browserName=chrome, takesScreenshot=true, javascriptEnabled=true, setWindowRect=true, unexpectedAlertBehaviour=, applicationCacheEnabled=false, rotatable=false, networkConnectionEnabled=false, chrome={chromedriverVersion=2.41.578737 (49da6702b16031c40d63e5618de03a32ff6c197e), userDataDir=C:\Users\xiaolong\AppData\Local\Temp\scoped_dir15008_3442}, takesHeapSnapshot=true, pageLoadStrategy=normal, databaseEnabled=false, handlesAlerts=true, version=90.0.4430.93, browserConnectionEnabled=false, nativeEvents=true, locationContextEnabled=true, cssSelectorsEnabled=true}]
Session ID: 9519ef61c6cbdee5764eed2db0377566
Stacktrace:
    at sun.reflect.NativeConstructorAccessorImpl.newInstance0 (None:-2)
    at sun.reflect.NativeConstructorAccessorImpl.newInstance (None:-1)
    at sun.reflect.DelegatingConstructorAccessorImpl.newInstance (None:-1)
    at java.lang.reflect.Constructor.newInstance (None:-1)
    at org.openqa.selenium.remote.ErrorHandler.createThrowable (ErrorHandler.java:206)
    at org.openqa.selenium.remote.ErrorHandler.throwIfResponseFailed (ErrorHandler.java:158)
    at org.openqa.selenium.remote.RemoteWebDriver.execute (RemoteWebDriver.java:678)
    at org.openqa.selenium.remote.RemoteWebDriver.execute (RemoteWebDriver.java:701)
    at org.openqa.selenium.remote.RemoteWebDriver$RemoteTargetLocator.alert (RemoteWebDriver.java:1049)
    at org.openqa.selenium.support.events.EventFiringWebDriver$EventFiringTargetLocator.alert (EventFiringWebDriver.java:615)
    at org.openqa.selenium.remote.server.handler.GetAlertText.call (GetAlertText.java:30)
    at org.openqa.selenium.remote.server.handler.GetAlertText.call (GetAlertText.java:1)
    at java.util.concurrent.FutureTask.run (None:-1)
    at org.openqa.selenium.remote.server.DefaultSession$1.run (DefaultSession.java:176)
    at java.util.concurrent.ThreadPoolExecutor.runWorker (None:-1)
    at java.util.concurrent.ThreadPoolExecutor$Worker.run (None:-1)
    at java.lang.Thread.run (None:-1)
[2021-07-16 17:00:13,309] [log.py|__console] [line:46] ERROR   : <public.page_obj.controlZhyzPage.control object at 0x00000206463C4F08>页面中未能找到('xpath', '//em[text()="自动模式"]')元素
