[2021-07-11 14:41:41,775] [log.py|__console] [line:46] ERROR   : 文件不存在：[Errno 2] No such file or directory: 'd:\\VSCODE\\AutoTestUI-master\\testdata\\login_zhyz_data.yaml'
[2021-07-11 14:51:53,137] [log.py|__console] [line:46] ERROR   : 文件不存在：[Errno 2] No such file or directory: 'd:\\VSCODE\\AutoTestUI-master\\testdata\\login_zhyz_data.yaml'
[2021-07-11 15:00:17,448] [log.py|__console] [line:40] INFO    : 当前执行测试用例ID-> test_baidu001.1 ; 测试点-> 百度检索成功
[2021-07-11 15:02:25,081] [log.py|__console] [line:40] INFO    : 当前执行测试用例ID-> test_baidu001.1 ; 测试点-> 百度检索成功
[2021-07-11 15:04:29,447] [log.py|__console] [line:40] INFO    : 当前执行测试用例ID-> test_baidu001.1 ; 测试点-> 百度检索成功
[2021-07-11 15:05:26,588] [log.py|__console] [line:40] INFO    : 当前执行测试用例ID-> test_baidu001.1 ; 测试点-> 百度检索成功
[2021-07-11 15:06:26,564] [log.py|__console] [line:40] INFO    : 当前执行测试用例ID-> test_baidu001.1 ; 测试点-> 百度检索成功
[2021-07-11 15:09:12,491] [log.py|__console] [line:40] INFO    : 当前执行测试用例ID-> test_baidu001.1 ; 测试点-> 百度检索成功
[2021-07-11 15:19:57,901] [log.py|__console] [line:40] INFO    : 当前执行测试用例ID-> test_baidu001.1 ; 测试点-> 百度检索成功
[2021-07-11 15:22:00,399] [log.py|__console] [line:40] INFO    : 当前执行测试用例ID-> test_baidu001.1 ; 测试点-> 百度检索成功
[2021-07-11 15:23:14,391] [log.py|__console] [line:40] INFO    : 当前执行测试用例ID-> test_baidu001.1 ; 测试点-> 百度检索成功
[2021-07-11 15:37:29,818] [log.py|__console] [line:40] INFO    : 当前执行测试用例ID-> test_baidu001.1 ; 测试点-> 百度检索成功
[2021-07-11 15:37:41,624] [log.py|__console] [line:40] INFO    : 当前执行测试用例ID-> test_login001.1 ; 测试点-> 登陆成功
[2021-07-11 15:37:56,391] [log.py|__console] [line:46] ERROR   : <public.page_obj.loginZhyzPage.login object at 0x0000020285F7A188>页面中未能找到('xpath', '//*[@id="username"]')元素
[2021-07-11 15:38:43,685] [log.py|__console] [line:40] INFO    : 当前执行测试用例ID-> test_login001.1 ; 测试点-> 登陆成功
[2021-07-11 15:40:32,334] [log.py|__console] [line:40] INFO    : 当前执行测试用例ID-> test_login001.1 ; 测试点-> 登陆成功
[2021-07-11 15:42:08,854] [log.py|__console] [line:40] INFO    : 当前执行测试用例ID-> test_login001.1 ; 测试点-> 登陆成功
[2021-07-11 15:46:01,054] [log.py|__console] [line:40] INFO    : 当前执行测试用例ID-> test_baidu001.1 ; 测试点-> 百度检索成功
[2021-07-11 15:47:27,782] [log.py|__console] [line:40] INFO    : 当前执行测试用例ID-> test_login001.1 ; 测试点-> 登陆成功
[2021-07-11 15:53:38,317] [log.py|__console] [line:40] INFO    : 当前执行测试用例ID-> test_login001.1 ; 测试点-> 登陆成功
[2021-07-11 15:54:39,838] [log.py|__console] [line:40] INFO    : 当前执行测试用例ID-> test_login001.1 ; 测试点-> 登陆成功
[2021-07-11 16:01:19,180] [log.py|__console] [line:40] INFO    : 当前执行测试用例ID-> test_login001.1 ; 测试点-> 登陆成功
[2021-07-11 16:02:30,933] [log.py|__console] [line:40] INFO    : 当前执行测试用例ID-> test_login001.1 ; 测试点-> 登陆成功
[2021-07-11 16:03:33,315] [log.py|__console] [line:40] INFO    : 当前执行测试用例ID-> test_login001.1 ; 测试点-> 登陆成功
[2021-07-11 16:04:30,640] [log.py|__console] [line:40] INFO    : 当前执行测试用例ID-> test_login001.1 ; 测试点-> 登陆成功
[2021-07-11 16:05:36,368] [log.py|__console] [line:40] INFO    : 当前执行测试用例ID-> test_login001.1 ; 测试点-> 登陆成功
[2021-07-11 16:07:21,077] [log.py|__console] [line:40] INFO    : 当前执行测试用例ID-> test_login001.1 ; 测试点-> 登陆成功
[2021-07-11 16:09:28,158] [log.py|__console] [line:40] INFO    : 当前执行测试用例ID-> test_login001.1 ; 测试点-> 登陆成功
[2021-07-11 16:11:45,666] [log.py|__console] [line:40] INFO    : 当前执行测试用例ID-> test_login001.1 ; 测试点-> 登陆成功
[2021-07-11 16:15:15,307] [log.py|__console] [line:40] INFO    : 当前执行测试用例ID-> test_login001.1 ; 测试点-> 登陆成功
[2021-07-11 16:15:35,379] [log.py|__console] [line:46] ERROR   : <public.page_obj.loginZhyzPage.login object at 0x0000013A7FE9CB08>页面中未能找到('xpath', '//*[@id="username"]')元素
[2021-07-11 16:17:13,727] [log.py|__console] [line:40] INFO    : 当前执行测试用例ID-> test_login001.1 ; 测试点-> 登陆成功
[2021-07-11 16:18:10,029] [log.py|__console] [line:40] INFO    : 当前执行测试用例ID-> test_login001.1 ; 测试点-> 登陆成功
[2021-07-11 16:20:03,201] [log.py|__console] [line:40] INFO    : 当前执行测试用例ID-> test_baidu001.1 ; 测试点-> 百度检索成功
[2021-07-11 16:21:30,477] [log.py|__console] [line:40] INFO    : 当前执行测试用例ID-> test_baidu001.1 ; 测试点-> 百度检索成功
[2021-07-11 16:22:50,725] [log.py|__console] [line:40] INFO    : 当前执行测试用例ID-> test_login001.1 ; 测试点-> 登陆成功
[2021-07-11 16:23:57,630] [log.py|__console] [line:40] INFO    : 当前执行测试用例ID-> test_login001.1 ; 测试点-> 登陆成功
[2021-07-11 16:24:46,435] [log.py|__console] [line:40] INFO    : 当前执行测试用例ID-> test_login001.1 ; 测试点-> 登陆成功
[2021-07-11 16:28:29,915] [log.py|__console] [line:40] INFO    : 当前执行测试用例ID-> test_login001.1 ; 测试点-> 登陆成功
[2021-07-11 16:30:00,713] [log.py|__console] [line:40] INFO    : 当前执行测试用例ID-> test_baidu001.1 ; 测试点-> 百度检索成功
[2021-07-11 16:34:02,648] [log.py|__console] [line:40] INFO    : 当前执行测试用例ID-> test_login001.1 ; 测试点-> 登陆成功
[2021-07-11 16:34:21,848] [log.py|__console] [line:46] ERROR   : <public.page_obj.loginZhyzPage.login object at 0x00000242072E9208>页面中未能找到('xpath', '//*[@id="username"]')元素
[2021-07-11 16:34:39,340] [log.py|__console] [line:40] INFO    : 当前执行测试用例ID-> test_login001.1 ; 测试点-> 登陆成功
[2021-07-11 16:40:06,024] [log.py|__console] [line:40] INFO    : 当前执行测试用例ID-> test_login001.1 ; 测试点-> 登陆成功
[2021-07-11 16:41:24,671] [log.py|__console] [line:40] INFO    : 当前执行测试用例ID-> test_login001.1 ; 测试点-> 登陆成功
[2021-07-11 16:42:06,193] [log.py|__console] [line:40] INFO    : 当前执行测试用例ID-> test_login001.1 ; 测试点-> 登陆成功
[2021-07-11 16:43:02,165] [log.py|__console] [line:40] INFO    : 当前执行测试用例ID-> test_login001.1 ; 测试点-> 登陆成功
[2021-07-11 16:43:46,738] [log.py|__console] [line:40] INFO    : 当前执行测试用例ID-> test_login001.1 ; 测试点-> 登陆成功
[2021-07-11 16:45:45,144] [log.py|__console] [line:40] INFO    : 当前执行测试用例ID-> test_login001.1 ; 测试点-> 登陆成功
[2021-07-11 16:46:11,406] [log.py|__console] [line:40] INFO    : 当前执行测试用例ID-> test_login001.1 ; 测试点-> 登陆成功
[2021-07-11 16:47:27,174] [log.py|__console] [line:40] INFO    : 当前执行测试用例ID-> test_login001.1 ; 测试点-> 登陆成功
[2021-07-11 16:48:59,431] [log.py|__console] [line:40] INFO    : 当前执行测试用例ID-> test_login001.1 ; 测试点-> 登陆成功
[2021-07-11 16:57:42,680] [log.py|__console] [line:40] INFO    : 当前执行测试用例ID-> test_login001.1 ; 测试点-> 登陆成功
[2021-07-11 16:59:42,486] [log.py|__console] [line:40] INFO    : 当前执行测试用例ID-> test_baidu001.1 ; 测试点-> 百度检索成功
[2021-07-11 16:59:47,005] [log.py|__console] [line:46] ERROR   : <public.page_obj.baiduPage.baidu object at 0x000001BEEC1DBCC8>页面中未能找到('xpath', '//*[@id="su"]')元素
[2021-07-11 17:12:23,225] [log.py|__console] [line:40] INFO    : 当前执行测试用例ID-> test_baidu001.1 ; 测试点-> 百度检索成功
[2021-07-11 17:13:13,651] [log.py|__console] [line:40] INFO    : 当前执行测试用例ID-> test_baidu001.1 ; 测试点-> 百度检索成功
[2021-07-11 17:14:13,742] [log.py|__console] [line:40] INFO    : 当前执行测试用例ID-> test_baidu001.1 ; 测试点-> 百度检索成功
[2021-07-11 17:14:59,353] [log.py|__console] [line:46] ERROR   : <public.page_obj.loginZhyzPage.login object at 0x00000219FC1205C8>页面中未能找到('xpath', '//*[@id="username"]')元素
